This is pdfTeXk, Version 3.1415926-1.40.9 (Web2C 7.5.7) (format=pdflatex 2009.3.30)  11 APR 2011 18:25
entering extended mode
\write18 enabled.
 %&-line parsing enabled.
**dissertation.tex
(./dissertation.tex
LaTeX2e <2005/12/01>
Babel <v3.8l> and hyphenation patterns for english, usenglishmax, dumylang, noh
yphenation, german-x-2008-06-18, ngerman-x-2008-06-18, ancientgreek, ibycus, ar
abic, basque, bulgarian, catalan, pinyin, coptic, croatian, czech, danish, dutc
h, esperanto, estonian, farsi, finnish, french, galician, german, ngerman, mono
greek, greek, hungarian, icelandic, indonesian, interlingua, irish, italian, la
tin, lithuanian, mongolian, mongolian2a, bokmal, nynorsk, polish, portuguese, r
omanian, russian, sanskrit, serbian, slovak, slovenian, spanish, swedish, turki
sh, ukenglish, ukrainian, uppersorbian, welsh, loaded.
(/usr/local/texlive/2008/texmf-dist/tex/latex/base/report.cls
Document Class: report 2005/09/16 v1.4f Standard LaTeX document class
(/usr/local/texlive/2008/texmf-dist/tex/latex/base/size12.clo
File: size12.clo 2005/09/16 v1.4f Standard LaTeX file (size option)
)
\c@part=\count79
\c@chapter=\count80
\c@section=\count81
\c@subsection=\count82
\c@subsubsection=\count83
\c@paragraph=\count84
\c@subparagraph=\count85
\c@figure=\count86
\c@table=\count87
\abovecaptionskip=\skip41
\belowcaptionskip=\skip42
\bibindent=\dimen102
)
(/usr/local/texlive/2008/texmf-dist/tex/latex/ntgclass/a4.sty
Package: a4 2004/04/15 v1.2g A4 based page layout
)
(/usr/local/texlive/2008/texmf-dist/tex/latex/amsmath/amsmath.sty
Package: amsmath 2000/07/18 v2.13 AMS math features
\@mathmargin=\skip43

For additional information on amsmath, use the `?' option.
(/usr/local/texlive/2008/texmf-dist/tex/latex/amsmath/amstext.sty
Package: amstext 2000/06/29 v2.01

(/usr/local/texlive/2008/texmf-dist/tex/latex/amsmath/amsgen.sty
File: amsgen.sty 1999/11/30 v2.0
\@emptytoks=\toks14
\ex@=\dimen103
))
(/usr/local/texlive/2008/texmf-dist/tex/latex/amsmath/amsbsy.sty
Package: amsbsy 1999/11/29 v1.2d
\pmbraise@=\dimen104
)
(/usr/local/texlive/2008/texmf-dist/tex/latex/amsmath/amsopn.sty
Package: amsopn 1999/12/14 v2.01 operator names
)
\inf@bad=\count88
LaTeX Info: Redefining \frac on input line 211.
\uproot@=\count89
\leftroot@=\count90
LaTeX Info: Redefining \overline on input line 307.
\classnum@=\count91
\DOTSCASE@=\count92
LaTeX Info: Redefining \ldots on input line 379.
LaTeX Info: Redefining \dots on input line 382.
LaTeX Info: Redefining \cdots on input line 467.
\Mathstrutbox@=\box26
\strutbox@=\box27
\big@size=\dimen105
LaTeX Font Info:    Redeclaring font encoding OML on input line 567.
LaTeX Font Info:    Redeclaring font encoding OMS on input line 568.
\macc@depth=\count93
\c@MaxMatrixCols=\count94
\dotsspace@=\muskip10
\c@parentequation=\count95
\dspbrk@lvl=\count96
\tag@help=\toks15
\row@=\count97
\column@=\count98
\maxfields@=\count99
\andhelp@=\toks16
\eqnshift@=\dimen106
\alignsep@=\dimen107
\tagshift@=\dimen108
\tagwidth@=\dimen109
\totwidth@=\dimen110
\lineht@=\dimen111
\@envbody=\toks17
\multlinegap=\skip44
\multlinetaggap=\skip45
\mathdisplay@stack=\toks18
LaTeX Info: Redefining \[ on input line 2666.
LaTeX Info: Redefining \] on input line 2667.
)
(/usr/local/texlive/2008/texmf-dist/tex/latex/tools/verbatim.sty
Package: verbatim 2003/08/22 v1.5q LaTeX2e package for verbatim enhancements
\every@verbatim=\toks19
\verbatim@line=\toks20
\verbatim@in@stream=\read1
)
(/usr/local/texlive/2008/texmf-dist/tex/latex/graphics/graphicx.sty
Package: graphicx 1999/02/16 v1.0f Enhanced LaTeX Graphics (DPC,SPQR)

(/usr/local/texlive/2008/texmf-dist/tex/latex/graphics/keyval.sty
Package: keyval 1999/03/16 v1.13 key=value parser (DPC)
\KV@toks@=\toks21
)
(/usr/local/texlive/2008/texmf-dist/tex/latex/graphics/graphics.sty
Package: graphics 2006/02/20 v1.0o Standard LaTeX Graphics (DPC,SPQR)

(/usr/local/texlive/2008/texmf-dist/tex/latex/graphics/trig.sty
Package: trig 1999/03/16 v1.09 sin cos tan (DPC)
)
(/usr/local/texlive/2008/texmf/tex/latex/config/graphics.cfg
File: graphics.cfg 2007/01/18 v1.5 graphics configuration of teTeX/TeXLive
)
Package graphics Info: Driver file: pdftex.def on input line 90.

(/usr/local/texlive/2008/texmf-dist/tex/latex/pdftex-def/pdftex.def
File: pdftex.def 2008/09/08 v0.04l Graphics/color for pdfTeX
\Gread@gobject=\count100
))
\Gin@req@height=\dimen112
\Gin@req@width=\dimen113
)
(/usr/local/texlive/2008/texmf-dist/tex/latex/oberdiek/epstopdf.sty
Package: epstopdf 2008/05/06 v1.7 Conversion with epstopdf on the fly (HO)

(/usr/local/texlive/2008/texmf-dist/tex/generic/oberdiek/infwarerr.sty
Package: infwarerr 2007/09/09 v1.2 Providing info/warning/message (HO)
)
(/usr/local/texlive/2008/texmf-dist/tex/latex/oberdiek/grfext.sty
Package: grfext 2007/09/30 v1.0 Managing graphics extensions (HO)
)
(/usr/local/texlive/2008/texmf-dist/tex/latex/oberdiek/kvoptions.sty
Package: kvoptions 2007/10/18 v3.0 Keyval support for LaTeX options (HO)
)
(/usr/local/texlive/2008/texmf-dist/tex/generic/oberdiek/pdftexcmds.sty
Package: pdftexcmds 2007/12/12 v0.3 LuaTeX support for pdfTeX utility functions
 (HO)
Package pdftexcmds Info: LuaTeX not detected on input line 139.
)
Package grfext Info: Graphics extension search list:
(grfext)             [.png,.pdf,.jpg,.mps,.jpeg,.jbig2,.jb2,.PNG,.PDF,.JPG,.JPE
G,.JBIG2,.JB2,.eps]
(grfext)             \AppendGraphicsExtensions on input line 323.
)
(/usr/local/texlive/2008/texmf-dist/tex/latex/caption/caption.sty
Package: caption 2008/08/24 v3.1j Customizing captions (AR)

(/usr/local/texlive/2008/texmf-dist/tex/latex/caption/caption3.sty
Package: caption3 2008/08/24 v3.1j caption3 kernel (AR)
\captionmargin=\dimen114
\captionmargin@=\dimen115
\captionwidth=\dimen116
\caption@indent=\dimen117
\caption@parindent=\dimen118
\caption@hangindent=\dimen119
)
\c@ContinuedFloat=\count101
)
(/usr/local/texlive/2008/texmf-dist/tex/latex/subfigure/subfigure.sty
Package: subfigure 2002/03/15 v2.1.5 subfigure package
\subfigtopskip=\skip46
\subfigcapskip=\skip47
\subfigcaptopadj=\dimen120
\subfigbottomskip=\skip48
\subfigcapmargin=\dimen121
\subfiglabelskip=\skip49
\c@subfigure=\count102
\c@lofdepth=\count103
\c@subtable=\count104
\c@lotdepth=\count105

****************************************
* Local config file subfigure.cfg used *
****************************************
(/usr/local/texlive/2008/texmf-dist/tex/latex/subfigure/subfigure.cfg)
\subfig@top=\skip50
\subfig@bottom=\skip51
)
(/usr/local/texlive/2008/texmf-dist/tex/generic/epsf/epsf.tex
This is `epsf.tex' v2.7.3 <23 July 2005>
\epsffilein=\read2
\epsfframemargin=\dimen122
\epsfframethickness=\dimen123
\epsfrsize=\dimen124
\epsftmp=\dimen125
\epsftsize=\dimen126
\epsfxsize=\dimen127
\epsfysize=\dimen128
\pspoints=\dimen129
) (./dissertation.aux)
\openout1 = `dissertation.aux'.

LaTeX Font Info:    Checking defaults for OML/cmm/m/it on input line 35.
LaTeX Font Info:    ... okay on input line 35.
LaTeX Font Info:    Checking defaults for T1/cmr/m/n on input line 35.
LaTeX Font Info:    ... okay on input line 35.
LaTeX Font Info:    Checking defaults for OT1/cmr/m/n on input line 35.
LaTeX Font Info:    ... okay on input line 35.
LaTeX Font Info:    Checking defaults for OMS/cmsy/m/n on input line 35.
LaTeX Font Info:    ... okay on input line 35.
LaTeX Font Info:    Checking defaults for OMX/cmex/m/n on input line 35.
LaTeX Font Info:    ... okay on input line 35.
LaTeX Font Info:    Checking defaults for U/cmr/m/n on input line 35.
LaTeX Font Info:    ... okay on input line 35.

(/usr/local/texlive/2008/texmf-dist/tex/context/base/supp-pdf.tex
[Loading MPS to PDF converter (version 2006.09.02).]
\scratchcounter=\count106
\scratchdimen=\dimen130
\scratchbox=\box28
\nofMPsegments=\count107
\nofMParguments=\count108
\everyMPshowfont=\toks22
\MPscratchCnt=\count109
\MPscratchDim=\dimen131
\MPnumerator=\count110
\everyMPtoPDFconversion=\toks23
)
Package caption Info: Begin \AtBeginDocument code.
Package caption Info: subfigure package is loaded.
Package caption Info: End \AtBeginDocument code.
 (./chapters/cover_sheet.tex) (./chapters/proforma.tex)
(./chapters/declaration_of_originality.tex) (./chapters/table_of_contents.tex)
(./chapters/introduction.tex) (./chapters/preparation.tex [1{/usr/local/texlive
/2008/texmf-var/fonts/map/pdftex/updmap/pdftex.map}

]
system(epstopdf illustrations/KeySpace.eps)...executed.


<illustrations/KeySpace.pdf, id=8, 240.9pt x 240.9pt>
File: illustrations/KeySpace.pdf Graphic file (type pdf)

<use illustrations/KeySpace.pdf>) (./chapters/implementation.tex [2] [3 <./illu
strations/KeySpace.pdf>] [4]
system(epstopdf illustrations/LinkRecords.eps)...executed.


<illustrations/LinkRecords.pdf, id=22, 82.3075pt x 54.2025pt>
File: illustrations/LinkRecords.pdf Graphic file (type pdf)

<use illustrations/LinkRecords.pdf> [5 <./illustrations/LinkRecords.pdf>]
[6]
system(epstopdf illustrations/ComponentOverview.eps)...executed.

 <illustrations/ComponentOverview.pdf, id=40, 557.08125pt x 322.20375pt>
File: illustrations/ComponentOverview.pdf Graphic file (type pdf)

<use illustrations/ComponentOverview.pdf> [7] [8 <./illustrations/ComponentOver
view.pdf>] <illustrations/HubApp.png, id=53, 984.67876pt x 877.2775pt>
File: illustrations/HubApp.png Graphic file (type png)

<use illustrations/HubApp.png> [9] [10 <./illustrations/HubApp.png>]
system(epstopdf illustrations/ChordKeySpace.eps)...executed.


<illustrations/ChordKeySpace.pdf, id=63, 214.8025pt x 81.30376pt>
File: illustrations/ChordKeySpace.pdf Graphic file (type pdf)

<use illustrations/ChordKeySpace.pdf>
system(epstopdf illustrations/PastryKeySpace.eps)...executed.


<illustrations/PastryKeySpace.pdf, id=64, 214.8025pt x 81.30376pt>
File: illustrations/PastryKeySpace.pdf Graphic file (type pdf)

<use illustrations/PastryKeySpace.pdf> [11 <./illustrations/ChordKeySpace.pdf> 
<./illustrations/PastryKeySpace.pdf>] [12]
system(epstopdf illustrations/ClientSupervisionTree.eps)...executed.


<illustrations/ClientSupervisionTree.pdf, id=79, 537.00626pt x 753.81625pt>
File: illustrations/ClientSupervisionTree.pdf Graphic file (type pdf)

<use illustrations/ClientSupervisionTree.pdf> [13]

LaTeX Warning: Text page 14 contains only floats.

[14 <./illustrations/ClientSupervisionTree.pdf>]) (./chapters/evaluation.tex
[15] [16]
system(epstopdf illustrations/latency_aginst_time_chord.eps)...executed.


<illustrations/latency_aginst_time_chord.pdf, id=98, 361.35pt x 252.945pt>
File: illustrations/latency_aginst_time_chord.pdf Graphic file (type pdf)

<use illustrations/latency_aginst_time_chord.pdf>
system(epstopdf illustrations/rate_against_time_chord.eps)...executed.


<illustrations/rate_against_time_chord.pdf, id=99, 361.35pt x 252.945pt>
File: illustrations/rate_against_time_chord.pdf Graphic file (type pdf)

<use illustrations/rate_against_time_chord.pdf> [17] [18 <./illustrations/laten
cy_aginst_time_chord.pdf>] [19 <./illustrations/rate_against_time_chord.pdf>]
system(epstopdf illustrations/latency_chord.eps)...executed.


<illustrations/latency_chord.pdf, id=120, 361.35pt x 252.945pt>
File: illustrations/latency_chord.pdf Graphic file (type pdf)

<use illustrations/latency_chord.pdf>
system(epstopdf illustrations/success_rate_chord.eps)...executed.


<illustrations/success_rate_chord.pdf, id=121, 361.35pt x 252.945pt>
File: illustrations/success_rate_chord.pdf Graphic file (type pdf)

<use illustrations/success_rate_chord.pdf>
system(epstopdf illustrations/latency_pastry.eps)...executed.


<illustrations/latency_pastry.pdf, id=122, 361.35pt x 252.945pt>
File: illustrations/latency_pastry.pdf Graphic file (type pdf)

<use illustrations/latency_pastry.pdf>
system(epstopdf illustrations/success_rate_pastry.eps)...executed.


<illustrations/success_rate_pastry.pdf, id=123, 361.35pt x 252.945pt>
File: illustrations/success_rate_pastry.pdf Graphic file (type pdf)

<use illustrations/success_rate_pastry.pdf>
system(epstopdf illustrations/cdf_chord.eps)...executed.


<illustrations/cdf_chord.pdf, id=124, 361.35pt x 252.945pt>
File: illustrations/cdf_chord.pdf Graphic file (type pdf)

<use illustrations/cdf_chord.pdf>
system(epstopdf illustrations/cdf_pastry.eps)...executed.


<illustrations/cdf_pastry.pdf, id=125, 361.35pt x 252.945pt>
File: illustrations/cdf_pastry.pdf Graphic file (type pdf)

<use illustrations/cdf_pastry.pdf> [20]
system(epstopdf illustrations/nodes_against_time_chord.eps)...executed.


<illustrations/nodes_against_time_chord.pdf, id=129, 361.35pt x 252.945pt>
File: illustrations/nodes_against_time_chord.pdf Graphic file (type pdf)

<use illustrations/nodes_against_time_chord.pdf>
system(epstopdf illustrations/nodes_against_time_pastry.eps)...executed.


<illustrations/nodes_against_time_pastry.pdf, id=130, 361.35pt x 252.945pt>
File: illustrations/nodes_against_time_pastry.pdf Graphic file (type pdf)

<use illustrations/nodes_against_time_pastry.pdf> [21]
<illustrations/ChordRoutingFailed.png, id=134, 215.1237pt x 223.3143pt>
File: illustrations/ChordRoutingFailed.png Graphic file (type png)

<use illustrations/ChordRoutingFailed.png>
<illustrations/PastryRoutingFailed.png, id=135, 215.1237pt x 223.3143pt>
File: illustrations/PastryRoutingFailed.png Graphic file (type png)

<use illustrations/PastryRoutingFailed.png>) (./chapters/conclusion.tex)
(./chapters/bibliography.tex) (./chapters/appendices.tex) (./chapters/index.tex
) [22] [23 <./illustrations/latency_chord.pdf> <./illustrations/success_rate_ch
ord.pdf>] [24 <./illustrations/latency_pastry.pdf> <./illustrations/success_rat
e_pastry.pdf>] [25 <./illustrations/cdf_chord.pdf> <./illustrations/cdf_pastry.
pdf>] [26 <./illustrations/nodes_against_time_chord.pdf> <./illustrations/nodes
_against_time_pastry.pdf>] [27 <./illustrations/ChordRoutingFailed.png> <./illu
strations/PastryRoutingFailed.png>] [28

] (./proposal/propbody.tex [29]
LaTeX Font Info:    Try loading font information for OMS+cmr on input line 53.

(/usr/local/texlive/2008/texmf-dist/tex/latex/base/omscmr.fd
File: omscmr.fd 1999/05/25 v2.5h Standard LaTeX font definitions
)
LaTeX Font Info:    Font shape `OMS/cmr/m/n' in size <12> not available
(Font)              Font shape `OMS/cmsy/m/n' tried instead on input line 53.
 [30] [31]
[32] [33]) [34] (./dissertation.aux) ) 
Here is how much of TeX's memory you used:
 3057 strings out of 493876
 47043 string characters out of 1150568
 115983 words of memory out of 3000000
 6257 multiletter control sequences out of 10000+50000
 10326 words of font info for 37 fonts, out of 3000000 for 5000
 714 hyphenation exceptions out of 8191
 36i,8n,38p,1049b,363s stack positions out of 5000i,500n,10000p,200000b,50000s
</usr/local/texlive/2008/texmf-dist/fonts
/type1/bluesky/cm/cmbx12.pfb></usr/local/texlive/2008/texmf-dist/fonts/type1/bl
uesky/cm/cmr10.pfb></usr/local/texlive/2008/texmf-dist/fonts/type1/bluesky/cm/c
mr12.pfb></usr/local/texlive/2008/texmf-dist/fonts/type1/bluesky/cm/cmr17.pfb><
/usr/local/texlive/2008/texmf-dist/fonts/type1/bluesky/cm/cmr7.pfb></usr/local/
texlive/2008/texmf-dist/fonts/type1/bluesky/cm/cmr8.pfb></usr/local/texlive/200
8/texmf-dist/fonts/type1/bluesky/cm/cmsl12.pfb></usr/local/texlive/2008/texmf-d
ist/fonts/type1/bluesky/cm/cmss10.pfb></usr/local/texlive/2008/texmf-dist/fonts
/type1/bluesky/cm/cmsy10.pfb></usr/local/texlive/2008/texmf-dist/fonts/type1/bl
uesky/cm/cmti12.pfb>
Output written on dissertation.pdf (34 pages, 2914549 bytes).
PDF statistics:
 253 PDF objects out of 1000 (max. 8388607)
 0 named destinations out of 1000 (max. 131072)
 96 words of extra memory for PDF output out of 10000 (max. 10000000)

